#
# There is insufficient memory for the Java Runtime Environment to continue.
# Native memory allocation (malloc) failed to allocate 126560 bytes for Chunk::new
# Possible reasons:
#   The system is out of physical RAM or swap space
#   The process is running with CompressedOops enabled, and the Java Heap may be blocking the growth of the native heap
# Possible solutions:
#   Reduce memory load on the system
#   Increase physical memory or swap space
#   Check if swap backing store is full
#   Decrease Java heap size (-Xmx/-Xms)
#   Decrease number of Java threads
#   Decrease Java thread stack sizes (-Xss)
#   Set larger code cache with -XX:ReservedCodeCacheSize=
#   JVM is running with Zero Based Compressed Oops mode in which the Java heap is
#     placed in the first 32GB address space. The Java Heap base address is the
#     maximum limit for the native heap growth. Please use -XX:HeapBaseMinAddress
#     to set the Java Heap base and to place the Java Heap above 32GB virtual address.
# This output file may be truncated or incomplete.
#
#  Out of Memory Error (arena.cpp:189), pid=608, tid=8604
#
# JRE version: Java(TM) SE Runtime Environment (17.0.14+8) (build 17.0.14+8-LTS-191)
# Java VM: Java HotSpot(TM) 64-Bit Server VM (17.0.14+8-LTS-191, mixed mode, sharing, tiered, compressed oops, compressed class ptrs, g1 gc, windows-amd64)
# No core dump will be written. Minidumps are not enabled by default on client versions of Windows
#

---------------  S U M M A R Y ------------

Command Line: -javaagent:C:\Program Files\JetBrains\IntelliJ IDEA Community Edition 2024.3.3\lib\idea_rt.jar=54457:C:\Program Files\JetBrains\IntelliJ IDEA Community Edition 2024.3.3\bin -Dfile.encoding=UTF-8 com.cursojavanauta.spring_learn.SpringLearnApplication

Host: Intel(R) Core(TM) i3-6006U CPU @ 2.00GHz, 4 cores, 11G,  Windows 10 , 64 bit Build 19041 (10.0.19041.5438)
Time: Thu Feb 27 15:50:47 2025 Hora oficial do Brasil elapsed time: 0.673690 seconds (0d 0h 0m 0s)

---------------  T H R E A D  ---------------

Current thread (0x0000014fffcba890):  JavaThread "C2 CompilerThread0" daemon [_thread_in_native, id=8604, stack(0x00000027ada00000,0x00000027adb00000)]


Current CompileTask:
C2:    673  246   !   4       java.util.zip.ZipFile$Source::checkAndAddEntry (262 bytes)

Stack: [0x00000027ada00000,0x00000027adb00000]
Native frames: (J=compiled Java code, j=interpreted, Vv=VM code, C=native code)
V  [jvm.dll+0x67a38a]
V  [jvm.dll+0x7da7ed]
V  [jvm.dll+0x7dc133]
V  [jvm.dll+0x7dc7a3]
V  [jvm.dll+0x24517f]
V  [jvm.dll+0xab773]
V  [jvm.dll+0xabd3c]
V  [jvm.dll+0x361e4e]
V  [jvm.dll+0x32c521]
V  [jvm.dll+0x32b9ba]
V  [jvm.dll+0x21693f]
V  [jvm.dll+0x215d6f]
V  [jvm.dll+0x1a2950]
V  [jvm.dll+0x22620b]
V  [jvm.dll+0x2243ab]
V  [jvm.dll+0x790bbc]
V  [jvm.dll+0x78b04a]
V  [jvm.dll+0x679275]
C  [ucrtbase.dll+0x21bb2]
C  [KERNEL32.DLL+0x17374]
C  [ntdll.dll+0x4cc91]


---------------  P R O C E S S  ---------------

Threads class SMR info:
_java_thread_list=0x0000014fd60a7bd0, length=12, elements={
0x0000014ff0de4b50, 0x0000014fffca60e0, 0x0000014fffca6d60, 0x0000014fffcb7a50,
0x0000014fffcb8410, 0x0000014fffcb91e0, 0x0000014fffcb9ba0, 0x0000014fffcba890,
0x0000014fffcc77b0, 0x0000014fffcd49c0, 0x0000014fffc91120, 0x0000014fd62777c0
}

Java Threads: ( => current thread )
  0x0000014ff0de4b50 JavaThread "main" [_thread_in_Java, id=12280, stack(0x00000027acd00000,0x00000027ace00000)]
  0x0000014fffca60e0 JavaThread "Reference Handler" daemon [_thread_blocked, id=9256, stack(0x00000027ad400000,0x00000027ad500000)]
  0x0000014fffca6d60 JavaThread "Finalizer" daemon [_thread_blocked, id=22092, stack(0x00000027ad500000,0x00000027ad600000)]
  0x0000014fffcb7a50 JavaThread "Signal Dispatcher" daemon [_thread_blocked, id=18712, stack(0x00000027ad600000,0x00000027ad700000)]
  0x0000014fffcb8410 JavaThread "Attach Listener" daemon [_thread_blocked, id=2392, stack(0x00000027ad700000,0x00000027ad800000)]
  0x0000014fffcb91e0 JavaThread "Service Thread" daemon [_thread_blocked, id=22152, stack(0x00000027ad800000,0x00000027ad900000)]
  0x0000014fffcb9ba0 JavaThread "Monitor Deflation Thread" daemon [_thread_blocked, id=21408, stack(0x00000027ad900000,0x00000027ada00000)]
=>0x0000014fffcba890 JavaThread "C2 CompilerThread0" daemon [_thread_in_native, id=8604, stack(0x00000027ada00000,0x00000027adb00000)]
  0x0000014fffcc77b0 JavaThread "C1 CompilerThread0" daemon [_thread_blocked, id=12936, stack(0x00000027adb00000,0x00000027adc00000)]
  0x0000014fffcd49c0 JavaThread "Sweeper thread" daemon [_thread_blocked, id=9204, stack(0x00000027adc00000,0x00000027add00000)]
  0x0000014fffc91120 JavaThread "Common-Cleaner" daemon [_thread_blocked, id=3172, stack(0x00000027add00000,0x00000027ade00000)]
  0x0000014fd62777c0 JavaThread "C2 CompilerThread1" daemon [_thread_blocked, id=16344, stack(0x00000027ade00000,0x00000027adf00000)]

Other Threads:
  0x0000014fffc9e9e0 VMThread "VM Thread" [stack: 0x00000027ad300000,0x00000027ad400000] [id=9388]
  0x0000014ff0e3d7e0 GCTaskThread "GC Thread#0" [stack: 0x00000027ace00000,0x00000027acf00000] [id=19552]
  0x0000014ff0e4a440 ConcurrentGCThread "G1 Main Marker" [stack: 0x00000027acf00000,0x00000027ad000000] [id=21572]
  0x0000014ff0e4ad50 ConcurrentGCThread "G1 Conc#0" [stack: 0x00000027ad000000,0x00000027ad100000] [id=16180]
  0x0000014fffb61990 ConcurrentGCThread "G1 Refine#0" [stack: 0x00000027ad100000,0x00000027ad200000] [id=8888]
  0x0000014fffb622c0 ConcurrentGCThread "G1 Service" [stack: 0x00000027ad200000,0x00000027ad300000] [id=15928]

Threads with active compile tasks:
C2 CompilerThread0      750  246   !   4       java.util.zip.ZipFile$Source::checkAndAddEntry (262 bytes)

VM state: not at safepoint (normal execution)

VM Mutex/Monitor currently owned by a thread: None

Heap address: 0x0000000741e00000, size: 3042 MB, Compressed Oops mode: Zero based, Oop shift amount: 3

CDS archive(s) mapped at: [0x0000014f91000000-0x0000014f91bd0000-0x0000014f91bd0000), size 12386304, SharedBaseAddress: 0x0000014f91000000, ArchiveRelocationMode: 1.
Compressed class space mapped at: 0x0000014f92000000-0x0000014fd2000000, reserved size: 1073741824
Narrow klass base: 0x0000014f91000000, Narrow klass shift: 0, Narrow klass range: 0x100000000

GC Precious Log:
 CPUs: 4 total, 4 available
 Memory: 12162M
 Large Page Support: Disabled
 NUMA Support: Disabled
 Compressed Oops: Enabled (Zero based)
 Heap Region Size: 2M
 Heap Min Capacity: 8M
 Heap Initial Capacity: 192M
 Heap Max Capacity: 3042M
 Pre-touch: Disabled
 Parallel Workers: 4
 Concurrent Workers: 1
 Concurrent Refinement Workers: 4
 Periodic GC: Disabled

Heap:
 garbage-first heap   total 196608K, used 4096K [0x0000000741e00000, 0x0000000800000000)
  region size 2048K, 4 young (8192K), 0 survivors (0K)
 Metaspace       used 442K, committed 640K, reserved 1114112K
  class space    used 17K, committed 128K, reserved 1048576K

Heap Regions: E=young(eden), S=young(survivor), O=old, HS=humongous(starts), HC=humongous(continues), CS=collection set, F=free, OA=open archive, CA=closed archive, TAMS=top-at-mark-start (previous, next)
|   0|0x0000000741e00000, 0x0000000741e00000, 0x0000000742000000|  0%| F|  |TAMS 0x0000000741e00000, 0x0000000741e00000| Untracked 
|   1|0x0000000742000000, 0x0000000742000000, 0x0000000742200000|  0%| F|  |TAMS 0x0000000742000000, 0x0000000742000000| Untracked 
|   2|0x0000000742200000, 0x0000000742200000, 0x0000000742400000|  0%| F|  |TAMS 0x0000000742200000, 0x0000000742200000| Untracked 
|   3|0x0000000742400000, 0x0000000742400000, 0x0000000742600000|  0%| F|  |TAMS 0x0000000742400000, 0x0000000742400000| Untracked 
|   4|0x0000000742600000, 0x0000000742600000, 0x0000000742800000|  0%| F|  |TAMS 0x0000000742600000, 0x0000000742600000| Untracked 
|   5|0x0000000742800000, 0x0000000742800000, 0x0000000742a00000|  0%| F|  |TAMS 0x0000000742800000, 0x0000000742800000| Untracked 
|   6|0x0000000742a00000, 0x0000000742a00000, 0x0000000742c00000|  0%| F|  |TAMS 0x0000000742a00000, 0x0000000742a00000| Untracked 
|   7|0x0000000742c00000, 0x0000000742c00000, 0x0000000742e00000|  0%| F|  |TAMS 0x0000000742c00000, 0x0000000742c00000| Untracked 
|   8|0x0000000742e00000, 0x0000000742e00000, 0x0000000743000000|  0%| F|  |TAMS 0x0000000742e00000, 0x0000000742e00000| Untracked 
|   9|0x0000000743000000, 0x0000000743000000, 0x0000000743200000|  0%| F|  |TAMS 0x0000000743000000, 0x0000000743000000| Untracked 
|  10|0x0000000743200000, 0x0000000743200000, 0x0000000743400000|  0%| F|  |TAMS 0x0000000743200000, 0x0000000743200000| Untracked 
|  11|0x0000000743400000, 0x0000000743400000, 0x0000000743600000|  0%| F|  |TAMS 0x0000000743400000, 0x0000000743400000| Untracked 
|  12|0x0000000743600000, 0x0000000743600000, 0x0000000743800000|  0%| F|  |TAMS 0x0000000743600000, 0x0000000743600000| Untracked 
|  13|0x0000000743800000, 0x0000000743800000, 0x0000000743a00000|  0%| F|  |TAMS 0x0000000743800000, 0x0000000743800000| Untracked 
|  14|0x0000000743a00000, 0x0000000743a00000, 0x0000000743c00000|  0%| F|  |TAMS 0x0000000743a00000, 0x0000000743a00000| Untracked 
|  15|0x0000000743c00000, 0x0000000743c00000, 0x0000000743e00000|  0%| F|  |TAMS 0x0000000743c00000, 0x0000000743c00000| Untracked 
|  16|0x0000000743e00000, 0x0000000743e00000, 0x0000000744000000|  0%| F|  |TAMS 0x0000000743e00000, 0x0000000743e00000| Untracked 
|  17|0x0000000744000000, 0x0000000744000000, 0x0000000744200000|  0%| F|  |TAMS 0x0000000744000000, 0x0000000744000000| Untracked 
|  18|0x0000000744200000, 0x0000000744200000, 0x0000000744400000|  0%| F|  |TAMS 0x0000000744200000, 0x0000000744200000| Untracked 
|  19|0x0000000744400000, 0x0000000744400000, 0x0000000744600000|  0%| F|  |TAMS 0x0000000744400000, 0x0000000744400000| Untracked 
|  20|0x0000000744600000, 0x0000000744600000, 0x0000000744800000|  0%| F|  |TAMS 0x0000000744600000, 0x0000000744600000| Untracked 
|  21|0x0000000744800000, 0x0000000744800000, 0x0000000744a00000|  0%| F|  |TAMS 0x0000000744800000, 0x0000000744800000| Untracked 
|  22|0x0000000744a00000, 0x0000000744a00000, 0x0000000744c00000|  0%| F|  |TAMS 0x0000000744a00000, 0x0000000744a00000| Untracked 
|  23|0x0000000744c00000, 0x0000000744c00000, 0x0000000744e00000|  0%| F|  |TAMS 0x0000000744c00000, 0x0000000744c00000| Untracked 
|  24|0x0000000744e00000, 0x0000000744e00000, 0x0000000745000000|  0%| F|  |TAMS 0x0000000744e00000, 0x0000000744e00000| Untracked 
|  25|0x0000000745000000, 0x0000000745000000, 0x0000000745200000|  0%| F|  |TAMS 0x0000000745000000, 0x0000000745000000| Untracked 
|  26|0x0000000745200000, 0x0000000745200000, 0x0000000745400000|  0%| F|  |TAMS 0x0000000745200000, 0x0000000745200000| Untracked 
|  27|0x0000000745400000, 0x0000000745400000, 0x0000000745600000|  0%| F|  |TAMS 0x0000000745400000, 0x0000000745400000| Untracked 
|  28|0x0000000745600000, 0x0000000745600000, 0x0000000745800000|  0%| F|  |TAMS 0x0000000745600000, 0x0000000745600000| Untracked 
|  29|0x0000000745800000, 0x0000000745800000, 0x0000000745a00000|  0%| F|  |TAMS 0x0000000745800000, 0x0000000745800000| Untracked 
|  30|0x0000000745a00000, 0x0000000745a00000, 0x0000000745c00000|  0%| F|  |TAMS 0x0000000745a00000, 0x0000000745a00000| Untracked 
|  31|0x0000000745c00000, 0x0000000745c00000, 0x0000000745e00000|  0%| F|  |TAMS 0x0000000745c00000, 0x0000000745c00000| Untracked 
|  32|0x0000000745e00000, 0x0000000745e00000, 0x0000000746000000|  0%| F|  |TAMS 0x0000000745e00000, 0x0000000745e00000| Untracked 
|  33|0x0000000746000000, 0x0000000746000000, 0x0000000746200000|  0%| F|  |TAMS 0x0000000746000000, 0x0000000746000000| Untracked 
|  34|0x0000000746200000, 0x0000000746200000, 0x0000000746400000|  0%| F|  |TAMS 0x0000000746200000, 0x0000000746200000| Untracked 
|  35|0x0000000746400000, 0x0000000746400000, 0x0000000746600000|  0%| F|  |TAMS 0x0000000746400000, 0x0000000746400000| Untracked 
|  36|0x0000000746600000, 0x0000000746600000, 0x0000000746800000|  0%| F|  |TAMS 0x0000000746600000, 0x0000000746600000| Untracked 
|  37|0x0000000746800000, 0x0000000746800000, 0x0000000746a00000|  0%| F|  |TAMS 0x0000000746800000, 0x0000000746800000| Untracked 
|  38|0x0000000746a00000, 0x0000000746a00000, 0x0000000746c00000|  0%| F|  |TAMS 0x0000000746a00000, 0x0000000746a00000| Untracked 
|  39|0x0000000746c00000, 0x0000000746c00000, 0x0000000746e00000|  0%| F|  |TAMS 0x0000000746c00000, 0x0000000746c00000| Untracked 
|  40|0x0000000746e00000, 0x0000000746e00000, 0x0000000747000000|  0%| F|  |TAMS 0x0000000746e00000, 0x0000000746e00000| Untracked 
|  41|0x0000000747000000, 0x0000000747000000, 0x0000000747200000|  0%| F|  |TAMS 0x0000000747000000, 0x0000000747000000| Untracked 
|  42|0x0000000747200000, 0x0000000747200000, 0x0000000747400000|  0%| F|  |TAMS 0x0000000747200000, 0x0000000747200000| Untracked 
|  43|0x0000000747400000, 0x0000000747400000, 0x0000000747600000|  0%| F|  |TAMS 0x0000000747400000, 0x0000000747400000| Untracked 
|  44|0x0000000747600000, 0x0000000747600000, 0x0000000747800000|  0%| F|  |TAMS 0x0000000747600000, 0x0000000747600000| Untracked 
|  45|0x0000000747800000, 0x0000000747800000, 0x0000000747a00000|  0%| F|  |TAMS 0x0000000747800000, 0x0000000747800000| Untracked 
|  46|0x0000000747a00000, 0x0000000747a00000, 0x0000000747c00000|  0%| F|  |TAMS 0x0000000747a00000, 0x0000000747a00000| Untracked 
|  47|0x0000000747c00000, 0x0000000747c00000, 0x0000000747e00000|  0%| F|  |TAMS 0x0000000747c00000, 0x0000000747c00000| Untracked 
|  48|0x0000000747e00000, 0x0000000747e00000, 0x0000000748000000|  0%| F|  |TAMS 0x0000000747e00000, 0x0000000747e00000| Untracked 
|  49|0x0000000748000000, 0x0000000748000000, 0x0000000748200000|  0%| F|  |TAMS 0x0000000748000000, 0x0000000748000000| Untracked 
|  50|0x0000000748200000, 0x0000000748200000, 0x0000000748400000|  0%| F|  |TAMS 0x0000000748200000, 0x0000000748200000| Untracked 
|  51|0x0000000748400000, 0x0000000748400000, 0x0000000748600000|  0%| F|  |TAMS 0x0000000748400000, 0x0000000748400000| Untracked 
|  52|0x0000000748600000, 0x0000000748600000, 0x0000000748800000|  0%| F|  |TAMS 0x0000000748600000, 0x0000000748600000| Untracked 
|  53|0x0000000748800000, 0x0000000748800000, 0x0000000748a00000|  0%| F|  |TAMS 0x0000000748800000, 0x0000000748800000| Untracked 
|  54|0x0000000748a00000, 0x0000000748a00000, 0x0000000748c00000|  0%| F|  |TAMS 0x0000000748a00000, 0x0000000748a00000| Untracked 
|  55|0x0000000748c00000, 0x0000000748c00000, 0x0000000748e00000|  0%| F|  |TAMS 0x0000000748c00000, 0x0000000748c00000| Untracked 
|  56|0x0000000748e00000, 0x0000000748e00000, 0x0000000749000000|  0%| F|  |TAMS 0x0000000748e00000, 0x0000000748e00000| Untracked 
|  57|0x0000000749000000, 0x0000000749000000, 0x0000000749200000|  0%| F|  |TAMS 0x0000000749000000, 0x0000000749000000| Untracked 
|  58|0x0000000749200000, 0x0000000749200000, 0x0000000749400000|  0%| F|  |TAMS 0x0000000749200000, 0x0000000749200000| Untracked 
|  59|0x0000000749400000, 0x0000000749400000, 0x0000000749600000|  0%| F|  |TAMS 0x0000000749400000, 0x0000000749400000| Untracked 
|  60|0x0000000749600000, 0x0000000749600000, 0x0000000749800000|  0%| F|  |TAMS 0x0000000749600000, 0x0000000749600000| Untracked 
|  61|0x0000000749800000, 0x0000000749800000, 0x0000000749a00000|  0%| F|  |TAMS 0x0000000749800000, 0x0000000749800000| Untracked 
|  62|0x0000000749a00000, 0x0000000749a00000, 0x0000000749c00000|  0%| F|  |TAMS 0x0000000749a00000, 0x0000000749a00000| Untracked 
|  63|0x0000000749c00000, 0x0000000749c00000, 0x0000000749e00000|  0%| F|  |TAMS 0x0000000749c00000, 0x0000000749c00000| Untracked 
|  64|0x0000000749e00000, 0x0000000749e00000, 0x000000074a000000|  0%| F|  |TAMS 0x0000000749e00000, 0x0000000749e00000| Untracked 
|  65|0x000000074a000000, 0x000000074a000000, 0x000000074a200000|  0%| F|  |TAMS 0x000000074a000000, 0x000000074a000000| Untracked 
|  66|0x000000074a200000, 0x000000074a200000, 0x000000074a400000|  0%| F|  |TAMS 0x000000074a200000, 0x000000074a200000| Untracked 
|  67|0x000000074a400000, 0x000000074a400000, 0x000000074a600000|  0%| F|  |TAMS 0x000000074a400000, 0x000000074a400000| Untracked 
|  68|0x000000074a600000, 0x000000074a600000, 0x000000074a800000|  0%| F|  |TAMS 0x000000074a600000, 0x000000074a600000| Untracked 
|  69|0x000000074a800000, 0x000000074a800000, 0x000000074aa00000|  0%| F|  |TAMS 0x000000074a800000, 0x000000074a800000| Untracked 
|  70|0x000000074aa00000, 0x000000074aa00000, 0x000000074ac00000|  0%| F|  |TAMS 0x000000074aa00000, 0x000000074aa00000| Untracked 
|  71|0x000000074ac00000, 0x000000074ac00000, 0x000000074ae00000|  0%| F|  |TAMS 0x000000074ac00000, 0x000000074ac00000| Untracked 
|  72|0x000000074ae00000, 0x000000074ae00000, 0x000000074b000000|  0%| F|  |TAMS 0x000000074ae00000, 0x000000074ae00000| Untracked 
|  73|0x000000074b000000, 0x000000074b000000, 0x000000074b200000|  0%| F|  |TAMS 0x000000074b000000, 0x000000074b000000| Untracked 
|  74|0x000000074b200000, 0x000000074b200000, 0x000000074b400000|  0%| F|  |TAMS 0x000000074b200000, 0x000000074b200000| Untracked 
|  75|0x000000074b400000, 0x000000074b400000, 0x000000074b600000|  0%| F|  |TAMS 0x000000074b400000, 0x000000074b400000| Untracked 
|  76|0x000000074b600000, 0x000000074b600000, 0x000000074b800000|  0%| F|  |TAMS 0x000000074b600000, 0x000000074b600000| Untracked 
|  77|0x000000074b800000, 0x000000074b800000, 0x000000074ba00000|  0%| F|  |TAMS 0x000000074b800000, 0x000000074b800000| Untracked 
|  78|0x000000074ba00000, 0x000000074ba00000, 0x000000074bc00000|  0%| F|  |TAMS 0x000000074ba00000, 0x000000074ba00000| Untracked 
|  79|0x000000074bc00000, 0x000000074bc00000, 0x000000074be00000|  0%| F|  |TAMS 0x000000074bc00000, 0x000000074bc00000| Untracked 
|  80|0x000000074be00000, 0x000000074be00000, 0x000000074c000000|  0%| F|  |TAMS 0x000000074be00000, 0x000000074be00000| Untracked 
|  81|0x000000074c000000, 0x000000074c000000, 0x000000074c200000|  0%| F|  |TAMS 0x000000074c000000, 0x000000074c000000| Untracked 
|  82|0x000000074c200000, 0x000000074c200000, 0x000000074c400000|  0%| F|  |TAMS 0x000000074c200000, 0x000000074c200000| Untracked 
|  83|0x000000074c400000, 0x000000074c400000, 0x000000074c600000|  0%| F|  |TAMS 0x000000074c400000, 0x000000074c400000| Untracked 
|  84|0x000000074c600000, 0x000000074c600000, 0x000000074c800000|  0%| F|  |TAMS 0x000000074c600000, 0x000000074c600000| Untracked 
|  85|0x000000074c800000, 0x000000074c800000, 0x000000074ca00000|  0%| F|  |TAMS 0x000000074c800000, 0x000000074c800000| Untracked 
|  86|0x000000074ca00000, 0x000000074ca00000, 0x000000074cc00000|  0%| F|  |TAMS 0x000000074ca00000, 0x000000074ca00000| Untracked 
|  87|0x000000074cc00000, 0x000000074cc00000, 0x000000074ce00000|  0%| F|  |TAMS 0x000000074cc00000, 0x000000074cc00000| Untracked 
|  88|0x000000074ce00000, 0x000000074ce00000, 0x000000074d000000|  0%| F|  |TAMS 0x000000074ce00000, 0x000000074ce00000| Untracked 
|  89|0x000000074d000000, 0x000000074d000000, 0x000000074d200000|  0%| F|  |TAMS 0x000000074d000000, 0x000000074d000000| Untracked 
|  90|0x000000074d200000, 0x000000074d200000, 0x000000074d400000|  0%| F|  |TAMS 0x000000074d200000, 0x000000074d200000| Untracked 
|  91|0x000000074d400000, 0x000000074d400000, 0x000000074d600000|  0%| F|  |TAMS 0x000000074d400000, 0x000000074d400000| Untracked 
|  92|0x000000074d600000, 0x000000074d626708, 0x000000074d800000|  7%| E|  |TAMS 0x000000074d600000, 0x000000074d600000| Complete 
|  93|0x000000074d800000, 0x000000074d9fc790, 0x000000074da00000| 99%| E|  |TAMS 0x000000074d800000, 0x000000074d800000| Complete 
|  94|0x000000074da00000, 0x000000074dc00000, 0x000000074dc00000|100%| E|CS|TAMS 0x000000074da00000, 0x000000074da00000| Complete 
|  95|0x000000074dc00000, 0x000000074de00000, 0x000000074de00000|100%| E|CS|TAMS 0x000000074dc00000, 0x000000074dc00000| Complete 

Card table byte_map: [0x0000014ff8cc0000,0x0000014ff92c0000] _byte_map_base: 0x0000014ff52b1000

Marking Bits (Prev, Next): (CMBitMap*) 0x0000014ff0e3dd00, (CMBitMap*) 0x0000014ff0e3dd40
 Prev Bits: [0x0000014ff98c0000, 0x0000014ffc848000)
 Next Bits: [0x0000014ffc850000, 0x0000014fff7d8000)

Polling page: 0x0000014feec70000

Metaspace:

Usage:
  Non-class:    426.55 KB used.
      Class:     17.99 KB used.
       Both:    444.54 KB used.

Virtual space:
  Non-class space:       64.00 MB reserved,     512.00 KB ( <1%) committed,  1 nodes.
      Class space:        1.00 GB reserved,     128.00 KB ( <1%) committed,  1 nodes.
             Both:        1.06 GB reserved,     640.00 KB ( <1%) committed. 

Chunk freelists:
   Non-Class:  12.00 MB
       Class:  15.75 MB
        Both:  27.75 MB

MaxMetaspaceSize: unlimited
CompressedClassSpaceSize: 1.00 GB
Initial GC threshold: 21.00 MB
Current GC threshold: 21.00 MB
CDS: on
MetaspaceReclaimPolicy: balanced
 - commit_granule_bytes: 65536.
 - commit_granule_words: 8192.
 - virtual_space_node_default_size: 8388608.
 - enlarge_chunks_in_place: 1.
 - new_chunks_are_fully_committed: 0.
 - uncommit_free_chunks: 1.
 - use_allocation_guard: 0.
 - handle_deallocations: 1.


Internal statistics:

num_allocs_failed_limit: 0.
num_arena_births: 4.
num_arena_deaths: 0.
num_vsnodes_births: 2.
num_vsnodes_deaths: 0.
num_space_committed: 10.
num_space_uncommitted: 0.
num_chunks_returned_to_freelist: 0.
num_chunks_taken_from_freelist: 5.
num_chunk_merges: 0.
num_chunk_splits: 3.
num_chunks_enlarged: 1.
num_inconsistent_stats: 0.

CodeHeap 'non-profiled nmethods': size=120000Kb used=100Kb max_used=100Kb free=119899Kb
 bounds [0x0000014f87ad0000, 0x0000014f87d40000, 0x0000014f8f000000]
CodeHeap 'profiled nmethods': size=120000Kb used=361Kb max_used=361Kb free=119638Kb
 bounds [0x0000014f80000000, 0x0000014f80270000, 0x0000014f87530000]
CodeHeap 'non-nmethods': size=5760Kb used=1094Kb max_used=1110Kb free=4665Kb
 bounds [0x0000014f87530000, 0x0000014f877a0000, 0x0000014f87ad0000]
 total_blobs=660 nmethods=293 adapters=280
 compilation: enabled
              stopped_count=0, restarted_count=0
 full_count=0

Compilation events (20 events):
Event: 0.654 Thread 0x0000014fffcba890 nmethod 245 0x0000014f87ae4e10 code [0x0000014f87ae4f80, 0x0000014f87ae5038]
Event: 0.654 Thread 0x0000014fffcba890  246   !   4       java.util.zip.ZipFile$Source::checkAndAddEntry (262 bytes)
Event: 0.656 Thread 0x0000014fffcc77b0  248       3       java.lang.ref.Reference::<init> (25 bytes)
Event: 0.657 Thread 0x0000014fffcc77b0 nmethod 248 0x0000014f80044c90 code [0x0000014f80044e40, 0x0000014f800450d8]
Event: 0.657 Thread 0x0000014fffcc77b0  249       1       java.util.zip.Inflater$InflaterZStreamRef::address (5 bytes)
Event: 0.657 Thread 0x0000014fffcc77b0 nmethod 249 0x0000014f87ae5110 code [0x0000014f87ae52a0, 0x0000014f87ae5378]
Event: 0.657 Thread 0x0000014fffcc77b0  250       1       java.nio.Buffer::position (5 bytes)
Event: 0.657 Thread 0x0000014fffcc77b0 nmethod 250 0x0000014f87ae5410 code [0x0000014f87ae55a0, 0x0000014f87ae5678]
Event: 0.659 Thread 0x0000014fffcc77b0  251       3       java.io.WinNTFileSystem::isLetter (30 bytes)
Event: 0.659 Thread 0x0000014fffcc77b0 nmethod 251 0x0000014f80045190 code [0x0000014f80045320, 0x0000014f80045538]
Event: 0.663 Thread 0x0000014fffcc77b0  254       3       java.lang.StringLatin1::toLowerCase (186 bytes)
Event: 0.664 Thread 0x0000014fffcc77b0 nmethod 254 0x0000014f80045610 code [0x0000014f80045880, 0x0000014f800463d8]
Event: 0.668 Thread 0x0000014fffcc77b0  256       1       java.nio.Buffer::limit (5 bytes)
Event: 0.668 Thread 0x0000014fffcc77b0 nmethod 256 0x0000014f87ae5b10 code [0x0000014f87ae5ca0, 0x0000014f87ae5d78]
Event: 0.668 Thread 0x0000014fffcc77b0  257       3       java.lang.StringBuilder::append (10 bytes)
Event: 0.668 Thread 0x0000014fffcc77b0 nmethod 257 0x0000014f80046810 code [0x0000014f800469a0, 0x0000014f80046ae8]
Event: 0.668 Thread 0x0000014fffcc77b0  258       3       java.lang.AbstractStringBuilder::append (63 bytes)
Event: 0.669 Thread 0x0000014fffcc77b0 nmethod 258 0x0000014f80046b90 code [0x0000014f80046d80, 0x0000014f800472e8]
Event: 0.669 Thread 0x0000014fffcc77b0  260       3       java.io.RandomAccessFile::read (8 bytes)
Event: 0.670 Thread 0x0000014fffcc77b0 nmethod 260 0x0000014f80047490 code [0x0000014f80047620, 0x0000014f80047768]

GC Heap History (0 events):
No events

Deoptimization events (20 events):
Event: 0.565 Thread 0x0000014ff0de4b50 DEOPT PACKING pc=0x0000014f80032a0c sp=0x00000027acdfdf40
Event: 0.565 Thread 0x0000014ff0de4b50 DEOPT UNPACKING pc=0x0000014f87582b43 sp=0x00000027acdfd3d0 mode 0
Event: 0.565 Thread 0x0000014ff0de4b50 DEOPT PACKING pc=0x0000014f80032a0c sp=0x00000027acdfdf40
Event: 0.565 Thread 0x0000014ff0de4b50 DEOPT UNPACKING pc=0x0000014f87582b43 sp=0x00000027acdfd3d0 mode 0
Event: 0.565 Thread 0x0000014ff0de4b50 DEOPT PACKING pc=0x0000014f80032a0c sp=0x00000027acdfdf40
Event: 0.566 Thread 0x0000014ff0de4b50 DEOPT UNPACKING pc=0x0000014f87582b43 sp=0x00000027acdfd3d0 mode 0
Event: 0.566 Thread 0x0000014ff0de4b50 DEOPT PACKING pc=0x0000014f80032a0c sp=0x00000027acdfdf40
Event: 0.566 Thread 0x0000014ff0de4b50 DEOPT UNPACKING pc=0x0000014f87582b43 sp=0x00000027acdfd3d0 mode 0
Event: 0.566 Thread 0x0000014ff0de4b50 DEOPT PACKING pc=0x0000014f80032a0c sp=0x00000027acdfdf40
Event: 0.566 Thread 0x0000014ff0de4b50 DEOPT UNPACKING pc=0x0000014f87582b43 sp=0x00000027acdfd3d0 mode 0
Event: 0.566 Thread 0x0000014ff0de4b50 DEOPT PACKING pc=0x0000014f80032a0c sp=0x00000027acdfdf40
Event: 0.566 Thread 0x0000014ff0de4b50 DEOPT UNPACKING pc=0x0000014f87582b43 sp=0x00000027acdfd3d0 mode 0
Event: 0.567 Thread 0x0000014ff0de4b50 DEOPT PACKING pc=0x0000014f80032a0c sp=0x00000027acdfdf40
Event: 0.567 Thread 0x0000014ff0de4b50 DEOPT UNPACKING pc=0x0000014f87582b43 sp=0x00000027acdfd3d0 mode 0
Event: 0.568 Thread 0x0000014ff0de4b50 DEOPT PACKING pc=0x0000014f80032a0c sp=0x00000027acdfdf40
Event: 0.568 Thread 0x0000014ff0de4b50 DEOPT UNPACKING pc=0x0000014f87582b43 sp=0x00000027acdfd3d0 mode 0
Event: 0.581 Thread 0x0000014ff0de4b50 Uncommon trap: trap_request=0xffffff45 fr.pc=0x0000014f87adf580 relative=0x0000000000000920
Event: 0.581 Thread 0x0000014ff0de4b50 Uncommon trap: reason=unstable_if action=reinterpret pc=0x0000014f87adf580 method=java.util.HashMap.putVal(ILjava/lang/Object;Ljava/lang/Object;ZZ)Ljava/lang/Object; @ 181 c2
Event: 0.581 Thread 0x0000014ff0de4b50 DEOPT PACKING pc=0x0000014f87adf580 sp=0x00000027acdfe920
Event: 0.581 Thread 0x0000014ff0de4b50 DEOPT UNPACKING pc=0x0000014f875823a3 sp=0x00000027acdfe8d0 mode 2

Classes unloaded (0 events):
No events

Classes redefined (0 events):
No events

Internal exceptions (0 events):
No events

VM Operations (2 events):
Event: 0.441 Executing VM operation: HandshakeAllThreads
Event: 0.441 Executing VM operation: HandshakeAllThreads done

Events (20 events):
Event: 0.497 loading class sun/instrument/TransformerManager done
Event: 0.497 loading class sun/instrument/TransformerManager$TransformerInfo
Event: 0.497 loading class sun/instrument/TransformerManager$TransformerInfo done
Event: 0.499 loading class jdk/internal/loader/URLClassPath$FileLoader
Event: 0.499 loading class jdk/internal/loader/URLClassPath$FileLoader done
Event: 0.500 loading class sun/nio/cs/UTF_8$Decoder
Event: 0.500 loading class sun/nio/cs/UTF_8$Decoder done
Event: 0.521 Loaded shared library C:\Program Files\Java\jdk-17.0.14_windows-x64_bin\jdk-17.0.14\bin\net.dll
Event: 0.528 Loaded shared library C:\Program Files\Java\jdk-17.0.14_windows-x64_bin\jdk-17.0.14\bin\nio.dll
Event: 0.535 Loaded shared library C:\Program Files\Java\jdk-17.0.14_windows-x64_bin\jdk-17.0.14\bin\zip.dll
Event: 0.577 loading class java/io/BufferedReader
Event: 0.577 loading class java/io/Reader
Event: 0.577 loading class java/io/Reader done
Event: 0.577 loading class java/io/BufferedReader done
Event: 0.577 loading class java/io/InputStreamReader
Event: 0.577 loading class java/io/InputStreamReader done
Event: 0.577 loading class sun/nio/cs/StreamDecoder
Event: 0.578 loading class sun/nio/cs/StreamDecoder done
Event: 0.578 loading class java/util/Vector
Event: 0.578 loading class java/util/Vector done


Dynamic libraries:
0x00007ff6bd3b0000 - 0x00007ff6bd3c0000 	C:\Program Files\Java\jdk-17.0.14_windows-x64_bin\jdk-17.0.14\bin\java.exe
0x00007ff88a330000 - 0x00007ff88a528000 	C:\WINDOWS\SYSTEM32\ntdll.dll
0x00007ff888ab0000 - 0x00007ff888b72000 	C:\WINDOWS\System32\KERNEL32.DLL
0x00007ff887cf0000 - 0x00007ff887fef000 	C:\WINDOWS\System32\KERNELBASE.dll
0x00007ff888020000 - 0x00007ff888120000 	C:\WINDOWS\System32\ucrtbase.dll
0x00007ff877130000 - 0x00007ff87714b000 	C:\Program Files\Java\jdk-17.0.14_windows-x64_bin\jdk-17.0.14\bin\VCRUNTIME140.dll
0x00007ff877a50000 - 0x00007ff877a69000 	C:\Program Files\Java\jdk-17.0.14_windows-x64_bin\jdk-17.0.14\bin\jli.dll
0x00007ff889100000 - 0x00007ff8891af000 	C:\WINDOWS\System32\ADVAPI32.dll
0x00007ff88a130000 - 0x00007ff88a1ce000 	C:\WINDOWS\System32\msvcrt.dll
0x00007ff8893f0000 - 0x00007ff88948f000 	C:\WINDOWS\System32\sechost.dll
0x00007ff8891b0000 - 0x00007ff8892d3000 	C:\WINDOWS\System32\RPCRT4.dll
0x00007ff887c50000 - 0x00007ff887c77000 	C:\WINDOWS\System32\bcrypt.dll
0x00007ff888510000 - 0x00007ff8886ad000 	C:\WINDOWS\System32\USER32.dll
0x00007ff887ff0000 - 0x00007ff888012000 	C:\WINDOWS\System32\win32u.dll
0x00007ff889340000 - 0x00007ff88936b000 	C:\WINDOWS\System32\GDI32.dll
0x00007ff887b30000 - 0x00007ff887c4a000 	C:\WINDOWS\System32\gdi32full.dll
0x00007ff888120000 - 0x00007ff8881bd000 	C:\WINDOWS\System32\msvcp_win.dll
0x00007ff87fbd0000 - 0x00007ff87fbda000 	C:\WINDOWS\SYSTEM32\VERSION.dll
0x00007ff8752f0000 - 0x00007ff87558a000 	C:\WINDOWS\WinSxS\amd64_microsoft.windows.common-controls_6595b64144ccf1df_6.0.19041.4355_none_60b8b9eb71f62e16\COMCTL32.dll
0x00007ff8888b0000 - 0x00007ff8888df000 	C:\WINDOWS\System32\IMM32.DLL
0x00007ff877320000 - 0x00007ff87732c000 	C:\Program Files\Java\jdk-17.0.14_windows-x64_bin\jdk-17.0.14\bin\vcruntime140_1.dll
0x00007ff84af00000 - 0x00007ff84af8e000 	C:\Program Files\Java\jdk-17.0.14_windows-x64_bin\jdk-17.0.14\bin\msvcp140.dll
0x00007ffff7410000 - 0x00007ffff7ff1000 	C:\Program Files\Java\jdk-17.0.14_windows-x64_bin\jdk-17.0.14\bin\server\jvm.dll
0x00007ff889090000 - 0x00007ff889098000 	C:\WINDOWS\System32\PSAPI.DLL
0x00007ff881960000 - 0x00007ff881969000 	C:\WINDOWS\SYSTEM32\WSOCK32.dll
0x00007ff888ba0000 - 0x00007ff888c0b000 	C:\WINDOWS\System32\WS2_32.dll
0x00007ff873020000 - 0x00007ff873047000 	C:\WINDOWS\SYSTEM32\WINMM.dll
0x00007ff885810000 - 0x00007ff885822000 	C:\WINDOWS\SYSTEM32\kernel.appcore.dll
0x00007ff877100000 - 0x00007ff87710a000 	C:\Program Files\Java\jdk-17.0.14_windows-x64_bin\jdk-17.0.14\bin\jimage.dll
0x00007ff8765d0000 - 0x00007ff8767b4000 	C:\WINDOWS\SYSTEM32\DBGHELP.DLL
0x00007ff86d120000 - 0x00007ff86d154000 	C:\WINDOWS\SYSTEM32\dbgcore.DLL
0x00007ff888210000 - 0x00007ff888292000 	C:\WINDOWS\System32\bcryptPrimitives.dll
0x00007ff882f80000 - 0x00007ff882f8e000 	C:\Program Files\Java\jdk-17.0.14_windows-x64_bin\jdk-17.0.14\bin\instrument.dll
0x00007ff877080000 - 0x00007ff8770a5000 	C:\Program Files\Java\jdk-17.0.14_windows-x64_bin\jdk-17.0.14\bin\java.dll
0x00007ff841aa0000 - 0x00007ff841b77000 	C:\Program Files\Java\jdk-17.0.14_windows-x64_bin\jdk-17.0.14\bin\jsvml.dll
0x00007ff8895b0000 - 0x00007ff889d1d000 	C:\WINDOWS\System32\SHELL32.dll
0x00007ff885a10000 - 0x00007ff8861b4000 	C:\WINDOWS\SYSTEM32\windows.storage.dll
0x00007ff889dd0000 - 0x00007ff88a125000 	C:\WINDOWS\System32\combase.dll
0x00007ff887250000 - 0x00007ff88727f000 	C:\WINDOWS\SYSTEM32\Wldp.dll
0x00007ff8887e0000 - 0x00007ff8888ad000 	C:\WINDOWS\System32\OLEAUT32.dll
0x00007ff8894f0000 - 0x00007ff88959d000 	C:\WINDOWS\System32\SHCORE.dll
0x00007ff889490000 - 0x00007ff8894e5000 	C:\WINDOWS\System32\shlwapi.dll
0x00007ff887900000 - 0x00007ff887924000 	C:\WINDOWS\SYSTEM32\profapi.dll
0x00007ff870df0000 - 0x00007ff870e08000 	C:\Program Files\Java\jdk-17.0.14_windows-x64_bin\jdk-17.0.14\bin\zip.dll
0x00007ff8770e0000 - 0x00007ff8770f9000 	C:\Program Files\Java\jdk-17.0.14_windows-x64_bin\jdk-17.0.14\bin\net.dll
0x00007ff87e370000 - 0x00007ff87e47a000 	C:\WINDOWS\SYSTEM32\WINHTTP.dll
0x00007ff887030000 - 0x00007ff88709c000 	C:\WINDOWS\system32\mswsock.dll
0x00007ff873760000 - 0x00007ff873776000 	C:\Program Files\Java\jdk-17.0.14_windows-x64_bin\jdk-17.0.14\bin\nio.dll

dbghelp: loaded successfully - version: 4.0.5 - missing functions: none
symbol engine: initialized successfully - sym options: 0x614 - pdb path: .;C:\Program Files\Java\jdk-17.0.14_windows-x64_bin\jdk-17.0.14\bin;C:\WINDOWS\SYSTEM32;C:\WINDOWS\WinSxS\amd64_microsoft.windows.common-controls_6595b64144ccf1df_6.0.19041.4355_none_60b8b9eb71f62e16;C:\Program Files\Java\jdk-17.0.14_windows-x64_bin\jdk-17.0.14\bin\server

VM Arguments:
jvm_args: -javaagent:C:\Program Files\JetBrains\IntelliJ IDEA Community Edition 2024.3.3\lib\idea_rt.jar=54457:C:\Program Files\JetBrains\IntelliJ IDEA Community Edition 2024.3.3\bin -Dfile.encoding=UTF-8 
java_command: com.cursojavanauta.spring_learn.SpringLearnApplication
java_class_path (initial): C:\Users\Andre Almeida\Desktop\ECLIPSE\spring-learn\spring-learn\target\classes;C:\Users\Andre Almeida\.m2\repository\org\springframework\boot\spring-boot-starter-web\3.4.3\spring-boot-starter-web-3.4.3.jar;C:\Users\Andre Almeida\.m2\repository\org\springframework\boot\spring-boot-starter\3.4.3\spring-boot-starter-3.4.3.jar;C:\Users\Andre Almeida\.m2\repository\org\springframework\boot\spring-boot\3.4.3\spring-boot-3.4.3.jar;C:\Users\Andre Almeida\.m2\repository\org\springframework\boot\spring-boot-autoconfigure\3.4.3\spring-boot-autoconfigure-3.4.3.jar;C:\Users\Andre Almeida\.m2\repository\org\springframework\boot\spring-boot-starter-logging\3.4.3\spring-boot-starter-logging-3.4.3.jar;C:\Users\Andre Almeida\.m2\repository\ch\qos\logback\logback-classic\1.5.16\logback-classic-1.5.16.jar;C:\Users\Andre Almeida\.m2\repository\ch\qos\logback\logback-core\1.5.16\logback-core-1.5.16.jar;C:\Users\Andre Almeida\.m2\repository\org\apache\logging\log4j\log4j-to-slf4j\2.24.3\log4j-to-slf4j-2.24.3.jar;C:\Users\Andre Almeida\.m2\repository\org\apache\logging\log4j\log4j-api\2.24.3\log4j-api-2.24.3.jar;C:\Users\Andre Almeida\.m2\repository\org\slf4j\jul-to-slf4j\2.0.16\jul-to-slf4j-2.0.16.jar;C:\Users\Andre Almeida\.m2\repository\jakarta\annotation\jakarta.annotation-api\2.1.1\jakarta.annotation-api-2.1.1.jar;C:\Users\Andre Almeida\.m2\repository\org\yaml\snakeyaml\2.3\snakeyaml-2.3.jar;C:\Users\Andre Almeida\.m2\repository\org\springframework\boot\spring-boot-starter-json\3.4.3\spring-boot-starter-json-3.4.3.jar;C:\Users\Andre Almeida\.m2\repository\com\fasterxml\jackson\datatype\jackson-datatype-jdk8\2.18.2\jackson-datatype-jdk8-2.18.2.jar;C:\Users\Andre Almeida\.m2\repository\com\fasterxml\jackson\datatype\jackson-datatype-jsr310\2.18.2\jackson-datatype-jsr310-2.18.2.jar;C:\Users\Andre Almeida\.m2\repository\com\fasterxml\jackson\module\jackson-module-parameter-names\2.18.2\jackson-module-parameter-names-2.18.2.jar;C:\Users\Andre Almeida\.m2\repos
Launcher Type: SUN_STANDARD

[Global flags]
     intx CICompilerCount                          = 3                                         {product} {ergonomic}
     uint ConcGCThreads                            = 1                                         {product} {ergonomic}
     uint G1ConcRefinementThreads                  = 4                                         {product} {ergonomic}
   size_t G1HeapRegionSize                         = 2097152                                   {product} {ergonomic}
    uintx GCDrainStackTargetSize                   = 64                                        {product} {ergonomic}
   size_t InitialHeapSize                          = 201326592                                 {product} {ergonomic}
   size_t MarkStackSize                            = 4194304                                   {product} {ergonomic}
   size_t MaxHeapSize                              = 3189768192                                {product} {ergonomic}
   size_t MaxNewSize                               = 1912602624                                {product} {ergonomic}
   size_t MinHeapDeltaBytes                        = 2097152                                   {product} {ergonomic}
   size_t MinHeapSize                              = 8388608                                   {product} {ergonomic}
    uintx NonNMethodCodeHeapSize                   = 5832780                                {pd product} {ergonomic}
    uintx NonProfiledCodeHeapSize                  = 122912730                              {pd product} {ergonomic}
    uintx ProfiledCodeHeapSize                     = 122912730                              {pd product} {ergonomic}
    uintx ReservedCodeCacheSize                    = 251658240                              {pd product} {ergonomic}
     bool SegmentedCodeCache                       = true                                      {product} {ergonomic}
   size_t SoftMaxHeapSize                          = 3189768192                             {manageable} {ergonomic}
     bool UseCompressedClassPointers               = true                           {product lp64_product} {ergonomic}
     bool UseCompressedOops                        = true                           {product lp64_product} {ergonomic}
     bool UseG1GC                                  = true                                      {product} {ergonomic}
     bool UseLargePagesIndividualAllocation        = false                                  {pd product} {ergonomic}

Logging:
Log output configuration:
 #0: stdout all=warning uptime,level,tags
 #1: stderr all=off uptime,level,tags

Environment Variables:
JAVA_HOME=C:\Program Files\Java\jdk-17.0.14_windows-x64_bin\jdk-17.0.14
PATH=C:\Program Files\Java\jdk-17.0.14_windows-x64_bin\jdk-17.0.14\bin;C:\WINDOWS\system32;C:\WINDOWS;C:\WINDOWS\System32\Wbem;C:\WINDOWS\System32\WindowsPowerShell\v1.0\;C:\WINDOWS\System32\OpenSSH\;C:\Program Files\dotnet\;C:\Program Files\Git\cmd;C:\Users\Andre Almeida\AppData\Local\Microsoft\WindowsApps;C:\Users\Andre Almeida\AppData\Local\Programs\Microsoft VS Code\bin
USERNAME=Andre Almeida
OS=Windows_NT
PROCESSOR_IDENTIFIER=Intel64 Family 6 Model 78 Stepping 3, GenuineIntel



---------------  S Y S T E M  ---------------

OS:
 Windows 10 , 64 bit Build 19041 (10.0.19041.5438)
OS uptime: 6 days 0:57 hours
Hyper-V role detected

CPU: total 4 (initial active 4) (2 cores per cpu, 2 threads per core) family 6 model 78 stepping 3 microcode 0xcc, cx8, cmov, fxsr, ht, mmx, 3dnowpref, sse, sse2, sse3, ssse3, sse4.1, sse4.2, popcnt, lzcnt, tsc, tscinvbit, avx, avx2, aes, erms, clmul, bmi1, bmi2, adx, fma, vzeroupper, clflush, clflushopt, hv

Memory: 4k page, system-wide physical 12162M (2250M free)
TotalPageFile size 14210M (AvailPageFile size 1M)
current process WorkingSet (physical memory assigned to process): 43M, peak: 43M
current process commit charge ("private bytes"): 271M, peak: 271M

vm_info: Java HotSpot(TM) 64-Bit Server VM (17.0.14+8-LTS-191) for windows-amd64 JRE (17.0.14+8-LTS-191), built on Dec  3 2024 11:07:59 by "mach5one" with MS VC++ 17.6 (VS2022)

END.
